<?xml version="1.0" encoding="UTF-8"?>
<!-- Generated by org.testng.reporters.JUnitReportReporter -->
<testsuite skipped="0" hostname="DESKTOP-5BDCR5P" name="com.orangehrmlive.demo.testsuite.LoginPageTest" tests="2" failures="0" timestamp="2022-12-13T14:32:14 GMT" time="27.077" errors="0">
  <testcase name="userShouldNavigateToForgotPasswordPageSuccessfully" time="15.583" classname="com.orangehrmlive.demo.testsuite.LoginPageTest"/>
  <system-out>
    <![CDATA[Clicking on forgot password Button [[ChromeDriver: chrome on WINDOWS (173409fb904df4590cdb9850d1b0ef5a)] -> xpath: //p[@class='oxd-text oxd-text--p orangehrm-login-forgot-header']]
Getting Reset Password Message [[ChromeDriver: chrome on WINDOWS (173409fb904df4590cdb9850d1b0ef5a)] -> xpath: //h6[@class='oxd-text oxd-text--h6 orangehrm-forgot-password-title']]
Click to see screenshot
<a target = "_blank" href=C:\Users\krupa\IdeaProjects\com-orangehrmlive-pagefactorymodel/test-output/html/userShouldNavigateToForgotPasswordPageSuccessfullyTue_Dec_13_14_32_12_GMT_2022.jpg>Screenshot</a>
<br>
<br>
<a target = "_blank" href=C:\Users\krupa\IdeaProjects\com-orangehrmlive-pagefactorymodel/test-output/html/userShouldNavigateToForgotPasswordPageSuccessfullyTue_Dec_13_14_32_12_GMT_2022.jpg><img src=C:\Users\krupa\IdeaProjects\com-orangehrmlive-pagefactorymodel/test-output/html/userShouldNavigateToForgotPasswordPageSuccessfullyTue_Dec_13_14_32_12_GMT_2022.jpg height=200 width=200></img></a>]]>
  </system-out>
  <testcase name="userShouldLoginSuccessfullyWithValidCredentials" time="11.494" classname="com.orangehrmlive.demo.testsuite.LoginPageTest"/>
  <system-out>
    <![CDATA[Enter usernameAdminto username field [[ChromeDriver: chrome on WINDOWS (41ef7bc820b447505b1b9db729247dc1)] -> name: username]
Enter passwordadmin123to password field [[ChromeDriver: chrome on WINDOWS (41ef7bc820b447505b1b9db729247dc1)] -> xpath: //input[@name='password']]
Clicking on Login Button [[ChromeDriver: chrome on WINDOWS (41ef7bc820b447505b1b9db729247dc1)] -> xpath: //button[@type='submit']]
Getting dashboard text [[ChromeDriver: chrome on WINDOWS (41ef7bc820b447505b1b9db729247dc1)] -> xpath: //h6[@class='oxd-text oxd-text--h6 oxd-topbar-header-breadcrumb-module']]
Click to see screenshot
<a target = "_blank" href=C:\Users\krupa\IdeaProjects\com-orangehrmlive-pagefactorymodel/test-output/html/userShouldLoginSuccessfullyWithValidCredentialsTue_Dec_13_14_32_00_GMT_2022.jpg>Screenshot</a>
<br>
<br>
<a target = "_blank" href=C:\Users\krupa\IdeaProjects\com-orangehrmlive-pagefactorymodel/test-output/html/userShouldLoginSuccessfullyWithValidCredentialsTue_Dec_13_14_32_00_GMT_2022.jpg><img src=C:\Users\krupa\IdeaProjects\com-orangehrmlive-pagefactorymodel/test-output/html/userShouldLoginSuccessfullyWithValidCredentialsTue_Dec_13_14_32_00_GMT_2022.jpg height=200 width=200></img></a>]]>
  </system-out>
</testsuite> <!-- com.orangehrmlive.demo.testsuite.LoginPageTest -->
